d:\projekti\igraliste\celiknet-source2\celiknet\debug\celiknet.pch
d:\projekti\igraliste\celiknet-source2\celiknet\debug\vc142.pdb
d:\projekti\igraliste\celiknet-source2\celiknet\debug\assemblyinfo.xdc
d:\projekti\igraliste\celiknet-source2\celiknet\debug\assemblyinfo.obj
d:\projekti\igraliste\celiknet-source2\celiknet\debug\celiknet.xdc
d:\projekti\igraliste\celiknet-source2\celiknet\debug\celiknet.obj
d:\projekti\igraliste\celiknet-source2\celiknet\debug\stdafx.xdc
d:\projekti\igraliste\celiknet-source2\celiknet\debug\stdafx.obj
d:\projekti\igraliste\celiknet-source2\celiknet\debug\.netframework,version=v4.0.assemblyattributes.xdc
d:\projekti\igraliste\celiknet-source2\celiknet\debug\.netframework,version=v4.0.assemblyattributes.obj
d:\projekti\igraliste\celiknet-source2\debug\celiknet.dll
d:\projekti\igraliste\celiknet-source2\debug\celiknet.pdb
d:\projekti\igraliste\celiknet-source2\debug\celiknet.xml
c:\users\cyber\downloads\celiknet-source2\celiknet\debug\celiknet.vcxproj.assemblyreference.cache
c:\users\cyber\downloads\celiknet-source2\celiknet\debug\.netframework,version=v4.0.assemblyattributes.obj
c:\users\cyber\downloads\celiknet-source2\celiknet\debug\assemblyinfo.obj
c:\users\cyber\downloads\celiknet-source2\celiknet\debug\celiknet.obj
c:\users\cyber\downloads\celiknet-source2\celiknet\debug\stdafx.obj
c:\users\cyber\downloads\celiknet-source2\celiknet\debug\celiknet.pch
c:\users\cyber\downloads\celiknet-source2\celiknet\debug\.netframework,version=v4.0.assemblyattributes.xdc
c:\users\cyber\downloads\celiknet-source2\celiknet\debug\assemblyinfo.xdc
c:\users\cyber\downloads\celiknet-source2\celiknet\debug\celiknet.xdc
c:\users\cyber\downloads\celiknet-source2\celiknet\debug\stdafx.xdc
c:\users\cyber\downloads\celiknet-source2\celiknet\debug\vc142.pdb
c:\users\cyber\downloads\celiknet-source2\celiknet\debug\celiknet.tlog\cl.command.1.tlog
c:\users\cyber\downloads\celiknet-source2\celiknet\debug\celiknet.tlog\cl.read.1.tlog
c:\users\cyber\downloads\celiknet-source2\celiknet\debug\celiknet.tlog\cl.write.1.tlog
c:\users\cyber\downloads\celiknet-source2\celiknet\debug\celiknet.tlog\link.command.1.tlog
c:\users\cyber\downloads\celiknet-source2\celiknet\debug\celiknet.tlog\link.read.1.tlog
c:\users\cyber\downloads\celiknet-source2\celiknet\debug\celiknet.tlog\link.write.1.tlog
c:\users\cyber\downloads\celiknet-source2\celiknet\debug\celiknet.tlog\metagen.read.1.tlog
c:\users\cyber\downloads\celiknet-source2\celiknet\debug\celiknet.tlog\metagen.write.1.tlog
c:\users\cyber\downloads\celiknet-source2\celiknet\debug\celiknet.tlog\xdcmake.command.1.tlog
c:\users\cyber\downloads\celiknet-source2\celiknet\debug\celiknet.tlog\xdcmake.read.1.tlog
c:\users\cyber\downloads\celiknet-source2\celiknet\debug\celiknet.tlog\xdcmake.write.1.tlog
